[2025-11-01T14:53:26.054Z] Error: Yahoo Finance error:
Affle India

[2025-11-01T14:53:26.278Z] Error: Yahoo Finance error:
LTI Mindtree

[2025-11-01T14:53:30.955Z] Error: Yahoo Finance error:
Hariom Pipes

[2025-11-01T14:53:33.725Z] Error: Yahoo Finance error:
Happeist Mind

[2025-11-01T15:39:55.452Z] Error: Yahoo Finance error:
Affle India

[2025-11-01T15:39:55.850Z] Error: Yahoo Finance error:
LTI Mindtree

[2025-11-01T15:40:02.319Z] Error: Yahoo Finance error:
Hariom Pipes

[2025-11-01T15:40:07.735Z] Error: Yahoo Finance error:
Happeist Mind

[2025-11-01T15:40:10.442Z] Error: Yahoo Finance error:
Affle India

[2025-11-01T15:40:10.595Z] Error: Yahoo Finance error:
LTI Mindtree

[2025-11-01T15:40:16.121Z] Error: Yahoo Finance error:
Hariom Pipes

[2025-11-01T15:40:19.811Z] Error: Yahoo Finance error:
Happeist Mind

[2025-11-01T15:40:45.836Z] Error: Yahoo Finance error:
Affle India

[2025-11-01T15:40:46.125Z] Error: Yahoo Finance error:
LTI Mindtree

[2025-11-01T15:40:52.164Z] Error: Yahoo Finance error:
Hariom Pipes

[2025-11-01T15:40:56.156Z] Error: Yahoo Finance error:
Happeist Mind

[2025-11-01T15:40:59.228Z] Error: Yahoo Finance error:
Affle India

[2025-11-01T15:40:59.340Z] Error: Yahoo Finance error:
LTI Mindtree

[2025-11-01T15:41:04.278Z] Error: Yahoo Finance error:
Hariom Pipes

[2025-11-01T15:41:06.083Z] Error: Yahoo Finance error:
Affle India

[2025-11-01T15:41:06.476Z] Error: Yahoo Finance error:
LTI Mindtree

[2025-11-01T15:41:08.714Z] Error: Yahoo Finance error:
Happeist Mind

[2025-11-01T15:41:11.413Z] Error: Yahoo Finance error:
Hariom Pipes

[2025-11-01T15:41:14.383Z] Error: Yahoo Finance error:
Happeist Mind

[2025-11-01T15:41:17.045Z] Error: Yahoo Finance error:
Affle India

[2025-11-01T15:41:17.253Z] Error: Yahoo Finance error:
LTI Mindtree

[2025-11-01T15:41:22.897Z] Error: Yahoo Finance error:
Hariom Pipes

[2025-11-01T15:41:26.671Z] Error: Yahoo Finance error:
Happeist Mind

[2025-11-01T15:46:29.466Z] Error: Yahoo Finance error:
Affle India

[2025-11-01T15:46:29.665Z] Error: Yahoo Finance error:
LTI Mindtree

[2025-11-01T15:46:38.048Z] Error: Yahoo Finance error:
Affle India

[2025-11-01T15:46:38.208Z] Error: Yahoo Finance error:
LTI Mindtree

[2025-11-01T15:46:38.526Z] Error: Yahoo Finance error:
Hariom Pipes

[2025-11-01T15:46:38.768Z] Error: Yahoo Finance error:
Affle India

[2025-11-01T15:46:38.804Z] Error: Yahoo Finance error:
Affle India

[2025-11-01T15:46:38.955Z] Error: Yahoo Finance error:
LTI Mindtree

[2025-11-01T15:46:38.965Z] Error: Yahoo Finance error:
LTI Mindtree

[2025-11-01T15:46:43.150Z] Error: Yahoo Finance error:
Happeist Mind

[2025-11-01T15:46:43.394Z] Error: Yahoo Finance error:
Hariom Pipes

[2025-11-01T15:46:44.087Z] Error: Yahoo Finance error:
Hariom Pipes

[2025-11-01T15:46:44.137Z] Error: Yahoo Finance error:
Hariom Pipes

[2025-11-01T15:46:47.929Z] Error: Yahoo Finance error:
Happeist Mind

[2025-11-01T15:46:48.325Z] Error: Yahoo Finance error:
Happeist Mind

[2025-11-01T15:46:49.108Z] Error: Yahoo Finance error:
Happeist Mind

[2025-11-01T15:46:53.268Z] Error: Yahoo Finance error:
Affle India

[2025-11-01T15:46:53.658Z] Error: Yahoo Finance error:
LTI Mindtree

[2025-11-01T15:46:59.224Z] Error: Yahoo Finance error:
Hariom Pipes

[2025-11-01T15:47:01.856Z] Error: Yahoo Finance error:
Happeist Mind

[2025-11-01T15:47:07.938Z] Error: Yahoo Finance error:
Affle India

[2025-11-01T15:47:08.014Z] Error: Yahoo Finance error:
LTI Mindtree

[2025-11-01T15:47:11.326Z] Error: Yahoo Finance error:
Hariom Pipes

[2025-11-01T15:47:14.018Z] Error: Yahoo Finance error:
Happeist Mind

[2025-11-01T15:47:22.585Z] Error: Yahoo Finance error:
Affle India

[2025-11-01T15:47:22.791Z] Error: Yahoo Finance error:
LTI Mindtree

[2025-11-01T15:47:26.272Z] Error: Yahoo Finance error:
Hariom Pipes

[2025-11-01T15:47:30.676Z] Error: Yahoo Finance error:
Happeist Mind

[2025-11-01T15:47:41.425Z] Error: Yahoo Finance error:
Affle India

[2025-11-01T15:47:41.639Z] Error: Yahoo Finance error:
LTI Mindtree

[2025-11-01T15:47:48.723Z] Error: Yahoo Finance error:
Hariom Pipes

[2025-11-01T15:47:53.305Z] Error: Yahoo Finance error:
Happeist Mind

[2025-11-01T15:47:56.682Z] Error: Yahoo Finance error:
Affle India

[2025-11-01T15:47:56.895Z] Error: Yahoo Finance error:
LTI Mindtree

[2025-11-01T15:48:01.851Z] Error: Google Finance error:
HDFC Bank

[2025-11-01T15:48:03.573Z] Error: Google Finance error:
Bajaj Finance

[2025-11-01T15:48:04.180Z] Error: Yahoo Finance error:
Hariom Pipes

[2025-11-01T15:48:04.849Z] Error: Google Finance error:
ICICI Bank

[2025-11-01T15:48:05.999Z] Error: Google Finance error:
Bajaj Housing

[2025-11-01T15:48:07.232Z] Error: Google Finance error:
Savani Financials

[2025-11-01T15:48:07.903Z] Error: Yahoo Finance error:
Happeist Mind

[2025-11-01T15:48:09.580Z] Error: Google Finance error:
Affle India

[2025-11-01T15:48:11.000Z] Error: Google Finance error:
LTI Mindtree

[2025-11-01T15:48:12.412Z] Error: Google Finance error:
KPIT Tech

[2025-11-01T15:48:14.740Z] Error: Google Finance error:
Tata Tech

[2025-11-01T15:48:15.801Z] Error: Google Finance error:
BLS E-Services

[2025-11-01T15:48:16.872Z] Error: Google Finance error:
Tanla 

[2025-11-01T15:48:18.032Z] Error: Google Finance error:
Dmart

[2025-11-01T15:48:19.028Z] Error: Google Finance error:
Tata Consumer

[2025-11-01T15:48:20.108Z] Error: Google Finance error:
Pidilite

[2025-11-01T15:48:21.202Z] Error: Google Finance error:
Tata Power

[2025-11-01T15:48:22.073Z] Error: Google Finance error:
KPI Green

[2025-11-01T15:48:23.171Z] Error: Google Finance error:
Suzlon

[2025-11-01T15:48:24.018Z] Error: Google Finance error:
Gensol

[2025-11-01T15:48:24.991Z] Error: Google Finance error:
Hariom Pipes

[2025-11-01T15:48:26.001Z] Error: Google Finance error:
Astral

[2025-11-01T15:48:27.049Z] Error: Google Finance error:
Polycab

[2025-11-01T15:48:28.524Z] Error: Google Finance error:
Clean Science

[2025-11-01T15:48:29.404Z] Error: Google Finance error:
Deepak Nitrite

[2025-11-01T15:48:30.298Z] Error: Google Finance error:
Fine Organic

[2025-11-01T15:48:31.119Z] Error: Google Finance error:
Gravita

[2025-11-01T15:48:32.180Z] Error: Google Finance error:
SBI Life

[2025-11-01T15:48:33.162Z] Error: Google Finance error:
Infy

[2025-11-01T15:48:34.690Z] Error: Google Finance error:
Happeist Mind

[2025-11-01T15:48:35.880Z] Error: Google Finance error:
Easemytrip

[2025-11-01T15:48:37.957Z] Error: Google Finance error:
HDFC Bank

[2025-11-01T15:48:39.318Z] Error: Google Finance error:
Bajaj Finance

[2025-11-01T15:48:40.490Z] Error: Google Finance error:
ICICI Bank

[2025-11-01T15:48:41.742Z] Error: Google Finance error:
Bajaj Housing

[2025-11-01T15:48:42.869Z] Error: Google Finance error:
Savani Financials

[2025-11-01T15:48:44.085Z] Error: Google Finance error:
Affle India

[2025-11-01T15:48:45.179Z] Error: Google Finance error:
LTI Mindtree

[2025-11-01T15:48:46.565Z] Error: Google Finance error:
KPIT Tech

[2025-11-01T15:48:47.691Z] Error: Google Finance error:
Tata Tech

[2025-11-01T15:48:48.878Z] Error: Google Finance error:
BLS E-Services

[2025-11-01T15:48:50.085Z] Error: Google Finance error:
Tanla 

[2025-11-01T15:48:51.210Z] Error: Google Finance error:
Dmart

[2025-11-01T15:48:52.400Z] Error: Google Finance error:
Tata Consumer

[2025-11-01T15:48:53.659Z] Error: Google Finance error:
Pidilite

[2025-11-01T15:48:54.836Z] Error: Google Finance error:
Tata Power

[2025-11-01T15:48:56.021Z] Error: Google Finance error:
KPI Green

[2025-11-01T15:48:57.520Z] Error: Google Finance error:
Suzlon

[2025-11-01T15:48:58.684Z] Error: Google Finance error:
Gensol

[2025-11-01T15:48:59.767Z] Error: Google Finance error:
Hariom Pipes

[2025-11-01T15:49:00.749Z] Error: Google Finance error:
Astral

[2025-11-01T15:49:01.861Z] Error: Google Finance error:
Polycab

[2025-11-01T15:49:03.060Z] Error: Google Finance error:
Clean Science

[2025-11-01T15:49:04.224Z] Error: Google Finance error:
Deepak Nitrite

[2025-11-01T15:49:05.478Z] Error: Google Finance error:
Fine Organic

[2025-11-01T15:49:06.188Z] Error: Google Finance error:
HDFC Bank

[2025-11-01T15:49:07.441Z] Error: Google Finance error:
Gravita

[2025-11-01T15:49:07.954Z] Error: Google Finance error:
Bajaj Finance

[2025-11-01T15:49:09.021Z] Error: Google Finance error:
SBI Life

[2025-11-01T15:49:09.891Z] Error: Google Finance error:
ICICI Bank

[2025-11-01T15:49:10.230Z] Error: Google Finance error:
Infy

[2025-11-01T15:49:11.231Z] Error: Google Finance error:
Bajaj Housing

[2025-11-01T15:49:11.536Z] Error: Google Finance error:
Happeist Mind

[2025-11-01T15:49:12.648Z] Error: Google Finance error:
Savani Financials

[2025-11-01T15:49:13.051Z] Error: Google Finance error:
Easemytrip

[2025-11-01T15:49:14.204Z] Error: Google Finance error:
Affle India

[2025-11-01T15:49:15.715Z] Error: Google Finance error:
LTI Mindtree

[2025-11-01T15:49:17.421Z] Error: Google Finance error:
KPIT Tech

[2025-11-01T15:49:18.736Z] Error: Google Finance error:
Tata Tech

[2025-11-01T15:49:20.596Z] Error: Google Finance error:
BLS E-Services

[2025-11-01T15:49:22.171Z] Error: Google Finance error:
Tanla 

[2025-11-01T15:49:25.005Z] Error: Google Finance error:
Dmart

[2025-11-01T15:49:28.438Z] Error: Google Finance error:
Tata Consumer

[2025-11-01T15:49:31.367Z] Error: Google Finance error:
Pidilite

[2025-11-01T15:49:35.043Z] Error: Google Finance error:
Tata Power

[2025-11-01T15:49:38.376Z] Error: Google Finance error:
KPI Green

[2025-11-01T15:49:40.704Z] Error: Google Finance error:
Suzlon

[2025-11-01T15:49:43.303Z] Error: Google Finance error:
Gensol

[2025-11-01T15:49:46.401Z] Error: Google Finance error:
Hariom Pipes

[2025-11-01T15:49:51.850Z] Error: Google Finance error:
Astral

[2025-11-01T15:49:56.205Z] Error: Google Finance error:
Polycab

[2025-11-01T15:49:59.829Z] Error: Google Finance error:
Clean Science

[2025-11-01T15:50:06.313Z] Error: Google Finance error:
Deepak Nitrite

[2025-11-01T15:50:10.394Z] Error: Google Finance error:
Fine Organic

[2025-11-01T15:50:13.586Z] Error: Google Finance error:
Gravita

[2025-11-01T15:50:17.021Z] Error: Google Finance error:
SBI Life

[2025-11-01T15:50:19.078Z] Error: Google Finance error:
Infy

[2025-11-01T15:50:21.227Z] Error: Google Finance error:
Happeist Mind

[2025-11-01T15:50:24.072Z] Error: Google Finance error:
Easemytrip

[2025-11-01T15:51:11.236Z] Error: Google Finance error:
HDFC Bank

[2025-11-01T15:51:19.665Z] Error: Google Finance error:
Bajaj Finance

[2025-11-01T15:51:24.306Z] Error: Google Finance error:
ICICI Bank

[2025-11-01T15:51:33.908Z] Error: Google Finance error:
Bajaj Housing

[2025-11-01T15:51:43.707Z] Error: Google Finance error:
Savani Financials

[2025-11-01T15:51:45.891Z] Error: Yahoo Finance error:
Affle India

[2025-11-01T15:51:46.559Z] Error: Yahoo Finance error:
LTI Mindtree

[2025-11-01T15:51:48.639Z] Error: Google Finance error:
Affle India

[2025-11-01T15:51:53.824Z] Error: Google Finance error:
LTI Mindtree

[2025-11-01T15:51:54.144Z] Error: Google Finance error:
HDFC Bank

[2025-11-01T15:51:58.610Z] Error: Yahoo Finance error:
Hariom Pipes

[2025-11-01T15:51:58.846Z] Error: Google Finance error:
KPIT Tech

[2025-11-01T15:52:01.619Z] Error: Yahoo Finance error:
Affle India

[2025-11-01T15:52:01.852Z] Error: Yahoo Finance error:
LTI Mindtree

[2025-11-01T15:52:05.319Z] Error: Google Finance error:
Tata Tech

[2025-11-01T15:52:09.683Z] Error: Yahoo Finance error:
Happeist Mind

[2025-11-01T15:52:10.267Z] Error: Google Finance error:
Bajaj Finance

[2025-11-01T15:52:11.218Z] Error: Yahoo Finance error:
Hariom Pipes

[2025-11-01T15:52:11.730Z] Error: Google Finance error:
BLS E-Services

[2025-11-01T15:52:18.518Z] Error: Yahoo Finance error:
Affle India

[2025-11-01T15:52:18.795Z] Error: Yahoo Finance error:
LTI Mindtree

[2025-11-01T15:52:23.681Z] Error: Google Finance error:
Tanla 

[2025-11-01T15:52:25.233Z] Error: Yahoo Finance error:
Happeist Mind

[2025-11-01T15:52:28.497Z] Error: Google Finance error:
ICICI Bank

[2025-11-01T15:52:29.326Z] Error: Google Finance error:
Dmart

[2025-11-01T15:52:29.839Z] Error: Yahoo Finance error:
Affle India

[2025-11-01T15:52:30.143Z] Error: Yahoo Finance error:
LTI Mindtree

[2025-11-01T15:52:30.248Z] Error: Yahoo Finance error:
Hariom Pipes

[2025-11-01T15:52:32.593Z] Error: Google Finance error:
Tata Consumer

[2025-11-01T15:52:32.896Z] Error: Google Finance error:
Bajaj Housing

[2025-11-01T15:52:35.591Z] Error: Google Finance error:
Pidilite

[2025-11-01T15:52:35.781Z] Error: Yahoo Finance error:
Happeist Mind

[2025-11-01T15:52:36.348Z] Error: Google Finance error:
Savani Financials

[2025-11-01T15:52:37.967Z] Error: Yahoo Finance error:
Hariom Pipes

[2025-11-01T15:52:38.234Z] Error: Google Finance error:
Tata Power

[2025-11-01T15:52:38.971Z] Error: Google Finance error:
Affle India

[2025-11-01T15:52:39.421Z] Error: Yahoo Finance error:
Affle India

[2025-11-01T15:52:39.868Z] Error: Yahoo Finance error:
LTI Mindtree

[2025-11-01T15:52:41.201Z] Error: Google Finance error:
KPI Green

[2025-11-01T15:52:41.786Z] Error: Google Finance error:
LTI Mindtree

[2025-11-01T15:52:43.585Z] Error: Yahoo Finance error:
Happeist Mind

[2025-11-01T15:52:44.703Z] Error: Google Finance error:
KPIT Tech

[2025-11-01T15:52:45.421Z] Error: Google Finance error:
Suzlon

[2025-11-01T15:52:46.348Z] Error: Yahoo Finance error:
Hariom Pipes

[2025-11-01T15:52:46.592Z] Error: Google Finance error:
Tata Tech

[2025-11-01T15:52:47.122Z] Error: Google Finance error:
Gensol

[2025-11-01T15:52:48.556Z] Error: Google Finance error:
BLS E-Services

[2025-11-01T15:52:49.214Z] Error: Google Finance error:
Hariom Pipes

[2025-11-01T15:52:50.708Z] Error: Google Finance error:
Tanla 

[2025-11-01T15:52:51.485Z] Error: Google Finance error:
Astral

[2025-11-01T15:52:52.641Z] Error: Yahoo Finance error:
Happeist Mind

[2025-11-01T15:52:53.441Z] Error: Google Finance error:
Dmart

[2025-11-01T15:52:53.880Z] Error: Google Finance error:
Polycab

[2025-11-01T15:52:54.960Z] Error: Google Finance error:
Tata Consumer

[2025-11-01T15:52:55.408Z] Error: Google Finance error:
Clean Science

[2025-11-01T15:52:55.455Z] Error: Yahoo Finance error:
Affle India

[2025-11-01T15:52:55.841Z] Error: Yahoo Finance error:
LTI Mindtree

[2025-11-01T15:52:56.522Z] Error: Google Finance error:
Pidilite

[2025-11-01T15:52:56.965Z] Error: Google Finance error:
Deepak Nitrite

[2025-11-01T15:53:00.142Z] Error: Google Finance error:
Tata Power

[2025-11-01T15:53:00.519Z] Error: Google Finance error:
Fine Organic

[2025-11-01T15:53:02.842Z] Error: Google Finance error:
KPI Green

[2025-11-01T15:53:03.249Z] Error: Google Finance error:
Gravita

[2025-11-01T15:53:04.368Z] Error: Google Finance error:
Suzlon

[2025-11-01T15:53:04.723Z] Error: Google Finance error:
SBI Life

[2025-11-01T15:53:05.715Z] Error: Google Finance error:
Gensol

[2025-11-01T15:53:06.127Z] Error: Google Finance error:
Infy

[2025-11-01T15:53:07.257Z] Error: Google Finance error:
Hariom Pipes

[2025-11-01T15:53:07.579Z] Error: Google Finance error:
Happeist Mind

[2025-11-01T15:53:07.587Z] Error: Yahoo Finance error:
Hariom Pipes

[2025-11-01T15:53:08.615Z] Error: Google Finance error:
Astral

[2025-11-01T15:53:08.942Z] Error: Google Finance error:
Easemytrip

[2025-11-01T15:53:09.948Z] Error: Google Finance error:
Polycab

[2025-11-01T15:53:10.825Z] Error: Yahoo Finance error:
Happeist Mind

[2025-11-01T15:53:11.194Z] Error: Google Finance error:
Clean Science

[2025-11-01T15:53:12.697Z] Error: Google Finance error:
Deepak Nitrite

[2025-11-01T15:53:13.595Z] Error: Yahoo Finance error:
Affle India

[2025-11-01T15:53:13.737Z] Error: Yahoo Finance error:
LTI Mindtree

[2025-11-01T15:53:14.794Z] Error: Google Finance error:
Fine Organic

[2025-11-01T15:53:15.696Z] Error: Yahoo Finance error:
Affle India

[2025-11-01T15:53:15.972Z] Error: Yahoo Finance error:
LTI Mindtree

[2025-11-01T15:53:16.685Z] Error: Google Finance error:
Gravita

[2025-11-01T15:53:18.520Z] Error: Google Finance error:
SBI Life

[2025-11-01T15:53:20.244Z] Error: Google Finance error:
Infy

[2025-11-01T15:53:21.747Z] Error: Yahoo Finance error:
Hariom Pipes

[2025-11-01T15:53:22.068Z] Error: Google Finance error:
Happeist Mind

[2025-11-01T15:53:23.062Z] Error: Yahoo Finance error:
Hariom Pipes

[2025-11-01T15:53:23.652Z] Error: Google Finance error:
Easemytrip

[2025-11-01T15:53:25.093Z] Error: Yahoo Finance error:
Happeist Mind

[2025-11-01T15:53:25.291Z] Error: Yahoo Finance error:
Happeist Mind

[2025-11-01T15:53:26.571Z] Error: Yahoo Finance error:
Affle India

[2025-11-01T15:53:26.645Z] Error: Yahoo Finance error:
LTI Mindtree

[2025-11-01T15:53:29.571Z] Error: Yahoo Finance error:
Hariom Pipes

[2025-11-01T15:53:31.498Z] Error: Yahoo Finance error:
Happeist Mind

[2025-11-01T15:53:37.731Z] Error: Yahoo Finance error:
Affle India

[2025-11-01T15:53:37.926Z] Error: Yahoo Finance error:
LTI Mindtree

[2025-11-01T15:53:40.752Z] Error: Yahoo Finance error:
Hariom Pipes

[2025-11-01T15:53:43.250Z] Error: Yahoo Finance error:
Happeist Mind

[2025-11-01T15:53:55.873Z] Error: Yahoo Finance error:
Affle India

[2025-11-01T15:53:56.114Z] Error: Yahoo Finance error:
LTI Mindtree

[2025-11-01T15:54:03.553Z] Error: Yahoo Finance error:
Hariom Pipes

[2025-11-01T15:54:09.083Z] Error: Yahoo Finance error:
Happeist Mind

[2025-11-01T15:54:13.893Z] Error: Yahoo Finance error:
Affle India

[2025-11-01T15:54:14.033Z] Error: Yahoo Finance error:
LTI Mindtree

[2025-11-01T15:54:22.801Z] Error: Yahoo Finance error:
Hariom Pipes

[2025-11-01T15:54:29.049Z] Error: Yahoo Finance error:
Happeist Mind

[2025-11-01T15:54:33.144Z] Error: Yahoo Finance error:
Affle India

[2025-11-01T15:54:33.358Z] Error: Yahoo Finance error:
LTI Mindtree

[2025-11-01T15:54:42.461Z] Error: Yahoo Finance error:
Hariom Pipes

[2025-11-01T15:54:48.095Z] Error: Yahoo Finance error:
Happeist Mind

[2025-11-01T15:54:54.554Z] Error: Yahoo Finance error:
Affle India

[2025-11-01T15:54:54.749Z] Error: Yahoo Finance error:
LTI Mindtree

[2025-11-01T15:55:04.885Z] Error: Yahoo Finance error:
Hariom Pipes

[2025-11-01T15:55:11.158Z] Error: Yahoo Finance error:
Happeist Mind

[2025-11-01T15:55:48.055Z] Error: Yahoo Finance error:
Affle India

[2025-11-01T15:55:48.303Z] Error: Yahoo Finance error:
LTI Mindtree

[2025-11-01T15:55:57.812Z] Error: Yahoo Finance error:
Hariom Pipes

[2025-11-01T15:56:05.446Z] Error: Yahoo Finance error:
Happeist Mind

[2025-11-01T15:56:09.290Z] Error: Yahoo Finance error:
Affle India

[2025-11-01T15:56:09.520Z] Error: Yahoo Finance error:
LTI Mindtree

[2025-11-01T15:56:37.143Z] Error: Yahoo Finance error:
Affle India

[2025-11-01T15:56:37.344Z] Error: Yahoo Finance error:
LTI Mindtree

[2025-11-01T15:56:38.535Z] Error: Yahoo Finance error:
Hariom Pipes

[2025-11-01T15:56:44.256Z] Error: Yahoo Finance error:
Happeist Mind

[2025-11-01T15:56:44.343Z] Error: Yahoo Finance error:
Affle India

[2025-11-01T15:56:44.517Z] Error: Yahoo Finance error:
LTI Mindtree

[2025-11-01T15:56:46.270Z] Error: Yahoo Finance error:
Hariom Pipes

[2025-11-01T15:56:47.053Z] Error: Yahoo Finance error:
Affle India

[2025-11-01T15:56:47.143Z] Error: Yahoo Finance error:
LTI Mindtree

[2025-11-01T15:56:49.442Z] Error: Yahoo Finance error:
Hariom Pipes

[2025-11-01T15:56:50.115Z] Error: Yahoo Finance error:
Happeist Mind

[2025-11-01T15:56:52.073Z] Error: Yahoo Finance error:
Hariom Pipes

[2025-11-01T15:56:53.518Z] Error: Yahoo Finance error:
Happeist Mind

[2025-11-01T15:56:55.883Z] Error: Yahoo Finance error:
Happeist Mind

[2025-11-01T15:56:59.218Z] Error: Yahoo Finance error:
Affle India

[2025-11-01T15:56:59.385Z] Error: Yahoo Finance error:
LTI Mindtree

[2025-11-01T15:57:08.371Z] Error: Yahoo Finance error:
Hariom Pipes

[2025-11-01T15:57:15.961Z] Error: Yahoo Finance error:
Happeist Mind

[2025-11-01T15:57:21.496Z] Error: Yahoo Finance error:
Affle India

[2025-11-01T15:57:21.686Z] Error: Yahoo Finance error:
LTI Mindtree

[2025-11-01T15:57:31.992Z] Error: Yahoo Finance error:
Hariom Pipes

[2025-11-01T15:57:38.011Z] Error: Yahoo Finance error:
Happeist Mind

[2025-11-01T15:57:41.271Z] Error: Yahoo Finance error:
Affle India

[2025-11-01T15:57:41.402Z] Error: Yahoo Finance error:
LTI Mindtree

[2025-11-01T15:57:48.550Z] Error: Yahoo Finance error:
Hariom Pipes

[2025-11-01T15:57:53.834Z] Error: Yahoo Finance error:
Happeist Mind

[2025-11-01T15:57:57.315Z] Error: Yahoo Finance error:
Affle India

[2025-11-01T15:57:57.761Z] Error: Yahoo Finance error:
LTI Mindtree

[2025-11-01T15:58:05.914Z] Error: Yahoo Finance error:
Hariom Pipes

[2025-11-01T15:58:10.728Z] Error: Yahoo Finance error:
Happeist Mind

[2025-11-01T15:58:14.413Z] Error: Yahoo Finance error:
Affle India

[2025-11-01T15:58:14.509Z] Error: Yahoo Finance error:
LTI Mindtree

[2025-11-01T15:58:20.557Z] Error: Yahoo Finance error:
Hariom Pipes

[2025-11-01T15:58:24.552Z] Error: Yahoo Finance error:
Happeist Mind

[2025-11-01T15:58:27.828Z] Error: Yahoo Finance error:
Affle India

[2025-11-01T15:58:27.909Z] Error: Yahoo Finance error:
LTI Mindtree

[2025-11-01T15:58:33.152Z] Error: Yahoo Finance error:
Hariom Pipes

[2025-11-01T15:58:36.223Z] Error: Yahoo Finance error:
Happeist Mind

[2025-11-01T15:59:29.365Z] Error: Yahoo Finance error:
Affle India

[2025-11-01T15:59:29.505Z] Error: Yahoo Finance error:
LTI Mindtree

[2025-11-01T15:59:34.587Z] Error: Yahoo Finance error:
Hariom Pipes

[2025-11-01T15:59:39.399Z] Error: Yahoo Finance error:
Happeist Mind

[2025-11-01T16:00:25.699Z] Error: Yahoo Finance error:
Affle India

[2025-11-01T16:00:25.939Z] Error: Yahoo Finance error:
LTI Mindtree

[2025-11-01T16:00:30.801Z] Error: Yahoo Finance error:
Hariom Pipes

[2025-11-01T16:00:33.536Z] Error: Yahoo Finance error:
Happeist Mind

[2025-11-01T16:01:26.013Z] Error: Yahoo Finance error:
Affle India

[2025-11-01T16:01:26.234Z] Error: Yahoo Finance error:
LTI Mindtree

[2025-11-01T16:01:30.172Z] Error: Yahoo Finance error:
Hariom Pipes

[2025-11-01T16:01:33.773Z] Error: Yahoo Finance error:
Happeist Mind

[2025-11-01T16:02:27.935Z] Error: Yahoo Finance error:
Affle India

[2025-11-01T16:02:28.100Z] Error: Yahoo Finance error:
LTI Mindtree

[2025-11-01T16:02:35.579Z] Error: Yahoo Finance error:
Hariom Pipes

[2025-11-01T16:02:40.429Z] Error: Yahoo Finance error:
Happeist Mind

[2025-11-01T16:03:26.007Z] Error: Yahoo Finance error:
Affle India

[2025-11-01T16:03:26.119Z] Error: Yahoo Finance error:
LTI Mindtree

[2025-11-01T16:03:30.260Z] Error: Yahoo Finance error:
Hariom Pipes

[2025-11-01T16:03:32.917Z] Error: Yahoo Finance error:
Happeist Mind

[2025-11-01T16:04:26.506Z] Error: Yahoo Finance error:
Affle India

[2025-11-01T16:04:26.804Z] Error: Yahoo Finance error:
LTI Mindtree

[2025-11-01T16:04:44.718Z] Error: Yahoo Finance error:
Hariom Pipes

[2025-11-01T16:04:49.481Z] Error: Yahoo Finance error:
Happeist Mind

[2025-11-01T16:05:27.194Z] Error: Yahoo Finance error:
Affle India

[2025-11-01T16:05:28.396Z] Error: Yahoo Finance error:
LTI Mindtree

[2025-11-01T16:05:35.111Z] Error: Yahoo Finance error:
Hariom Pipes

[2025-11-01T16:05:43.506Z] Error: Yahoo Finance error:
Happeist Mind

[2025-11-01T16:06:26.603Z] Error: Yahoo Finance error:
Affle India

[2025-11-01T16:06:26.818Z] Error: Yahoo Finance error:
LTI Mindtree

[2025-11-01T16:06:32.963Z] Error: Yahoo Finance error:
Hariom Pipes

[2025-11-01T16:06:38.796Z] Error: Yahoo Finance error:
Happeist Mind

[2025-11-01T16:07:24.446Z] Error: Yahoo Finance error:
Affle India

[2025-11-01T16:07:24.643Z] Error: Yahoo Finance error:
LTI Mindtree

[2025-11-01T16:07:28.325Z] Error: Yahoo Finance error:
Hariom Pipes

[2025-11-01T16:07:30.545Z] Error: Yahoo Finance error:
Happeist Mind

[2025-11-01T16:08:25.266Z] Error: Yahoo Finance error:
Affle India

[2025-11-01T16:08:25.491Z] Error: Yahoo Finance error:
LTI Mindtree

[2025-11-01T16:08:28.349Z] Error: Yahoo Finance error:
Hariom Pipes

[2025-11-01T16:08:31.615Z] Error: Yahoo Finance error:
Happeist Mind

[2025-11-01T16:09:24.171Z] Error: Yahoo Finance error:
Affle India

[2025-11-01T16:09:24.344Z] Error: Yahoo Finance error:
LTI Mindtree

[2025-11-01T16:09:26.865Z] Error: Yahoo Finance error:
Hariom Pipes

[2025-11-01T16:09:28.884Z] Error: Yahoo Finance error:
Happeist Mind

[2025-11-01T16:10:25.954Z] Error: Yahoo Finance error:
Affle India

[2025-11-01T16:10:26.036Z] Error: Yahoo Finance error:
LTI Mindtree

[2025-11-01T16:10:35.002Z] Error: Yahoo Finance error:
Hariom Pipes

[2025-11-01T16:10:41.835Z] Error: Yahoo Finance error:
Happeist Mind

[2025-11-01T16:11:25.520Z] Error: Yahoo Finance error:
Affle India

[2025-11-01T16:11:25.700Z] Error: Yahoo Finance error:
LTI Mindtree

[2025-11-01T16:11:30.717Z] Error: Yahoo Finance error:
Hariom Pipes

[2025-11-01T16:11:34.855Z] Error: Yahoo Finance error:
Happeist Mind

[2025-11-01T16:12:29.159Z] Error: Yahoo Finance error:
Affle India

[2025-11-01T16:12:29.278Z] Error: Yahoo Finance error:
LTI Mindtree

[2025-11-01T16:12:35.637Z] Error: Yahoo Finance error:
Hariom Pipes

[2025-11-01T16:12:39.462Z] Error: Yahoo Finance error:
Happeist Mind

[2025-11-01T16:13:26.828Z] Error: Yahoo Finance error:
Affle India

[2025-11-01T16:13:27.140Z] Error: Yahoo Finance error:
LTI Mindtree

[2025-11-01T16:13:35.840Z] Error: Yahoo Finance error:
Hariom Pipes

[2025-11-01T16:13:45.465Z] Error: Yahoo Finance error:
Happeist Mind

[2025-11-01T16:14:24.788Z] Error: Yahoo Finance error:
Affle India

[2025-11-01T16:14:25.149Z] Error: Yahoo Finance error:
LTI Mindtree

[2025-11-01T16:14:31.234Z] Error: Yahoo Finance error:
Hariom Pipes

[2025-11-01T16:14:35.023Z] Error: Yahoo Finance error:
Happeist Mind

[2025-11-01T16:15:25.868Z] Error: Yahoo Finance error:
Affle India

[2025-11-01T16:15:26.120Z] Error: Yahoo Finance error:
LTI Mindtree

[2025-11-01T16:15:31.367Z] Error: Yahoo Finance error:
Hariom Pipes

[2025-11-01T16:15:35.644Z] Error: Yahoo Finance error:
Happeist Mind

[2025-11-01T16:16:27.449Z] Error: Yahoo Finance error:
Affle India

[2025-11-01T16:16:27.977Z] Error: Yahoo Finance error:
LTI Mindtree

[2025-11-01T16:16:35.538Z] Error: Yahoo Finance error:
Hariom Pipes

[2025-11-01T16:16:42.295Z] Error: Yahoo Finance error:
Happeist Mind

[2025-11-01T16:17:27.247Z] Error: Yahoo Finance error:
Affle India

[2025-11-01T16:17:27.354Z] Error: Yahoo Finance error:
LTI Mindtree

[2025-11-01T16:17:33.187Z] Error: Yahoo Finance error:
Hariom Pipes

[2025-11-01T16:17:37.173Z] Error: Yahoo Finance error:
Happeist Mind

[2025-11-01T16:18:26.248Z] Error: Yahoo Finance error:
Affle India

[2025-11-01T16:18:26.429Z] Error: Yahoo Finance error:
LTI Mindtree

[2025-11-01T16:18:32.270Z] Error: Yahoo Finance error:
Hariom Pipes

[2025-11-01T16:18:35.927Z] Error: Yahoo Finance error:
Happeist Mind

[2025-11-01T16:19:25.926Z] Error: Yahoo Finance error:
Affle India

[2025-11-01T16:19:26.067Z] Error: Yahoo Finance error:
LTI Mindtree

[2025-11-01T16:19:41.525Z] Error: Yahoo Finance error:
Hariom Pipes

[2025-11-01T16:19:45.844Z] Error: Yahoo Finance error:
Happeist Mind

[2025-11-01T16:20:26.229Z] Error: Yahoo Finance error:
Affle India

[2025-11-01T16:20:26.320Z] Error: Yahoo Finance error:
LTI Mindtree

[2025-11-01T16:20:32.166Z] Error: Yahoo Finance error:
Hariom Pipes

[2025-11-01T16:20:35.853Z] Error: Yahoo Finance error:
Happeist Mind

[2025-11-01T16:21:25.154Z] Error: Yahoo Finance error:
Affle India

[2025-11-01T16:21:25.312Z] Error: Yahoo Finance error:
LTI Mindtree

[2025-11-01T16:21:29.117Z] Error: Yahoo Finance error:
Hariom Pipes

[2025-11-01T16:21:32.278Z] Error: Yahoo Finance error:
Happeist Mind

[2025-11-01T16:22:26.742Z] Error: Yahoo Finance error:
Affle India

[2025-11-01T16:22:26.918Z] Error: Yahoo Finance error:
LTI Mindtree

[2025-11-01T16:22:35.351Z] Error: Yahoo Finance error:
Hariom Pipes

[2025-11-01T16:22:40.670Z] Error: Yahoo Finance error:
Happeist Mind

[2025-11-01T16:23:32.242Z] Error: Yahoo Finance error:
Affle India

[2025-11-01T16:23:32.492Z] Error: Yahoo Finance error:
LTI Mindtree

[2025-11-01T16:23:39.793Z] Error: Yahoo Finance error:
Hariom Pipes

[2025-11-01T16:23:50.521Z] Error: Yahoo Finance error:
Happeist Mind

[2025-11-01T16:24:36.169Z] Error: Yahoo Finance error:
Affle India

[2025-11-01T16:24:36.878Z] Error: Yahoo Finance error:
LTI Mindtree

[2025-11-01T16:25:03.634Z] Error: Yahoo Finance error:
Hariom Pipes

[2025-11-01T16:25:12.098Z] Error: Yahoo Finance error:
Happeist Mind

[2025-11-01T16:25:36.869Z] Error: Yahoo Finance error:
Affle India

[2025-11-01T16:25:37.138Z] Error: Yahoo Finance error:
LTI Mindtree

[2025-11-01T16:26:08.911Z] Error: Yahoo Finance error:
Hariom Pipes

[2025-11-01T16:26:53.824Z] Error: Yahoo Finance error:
Happeist Mind

[2025-11-01T16:27:01.786Z] Error: Yahoo Finance error:
Affle India

[2025-11-01T16:27:02.730Z] Error: Yahoo Finance error:
LTI Mindtree

[2025-11-01T16:32:16.725Z] Error: Yahoo Finance error:
HDFC Bank

[2025-11-01T16:32:21.432Z] Error: Yahoo Finance error:
Bajaj Finance

[2025-11-01T16:32:23.021Z] Error: Yahoo Finance error:
ICICI Bank

[2025-11-01T16:32:24.623Z] Error: Yahoo Finance error:
Bajaj Housing

[2025-11-01T16:32:26.985Z] Error: Yahoo Finance error:
ICICI Bank

[2025-11-01T16:32:28.056Z] Error: Yahoo Finance error:
Savani Financials

[2025-11-01T16:32:30.152Z] Error: Yahoo Finance error:
Affle India

[2025-11-01T16:32:32.226Z] Error: Yahoo Finance error:
LTI Mindtree

[2025-11-01T16:32:33.067Z] Error: Yahoo Finance error:
KPIT Tech

[2025-11-01T16:32:34.151Z] Error: Yahoo Finance error:
Tata Tech

[2025-11-01T16:32:34.235Z] Error: Yahoo Finance error:
Savani Financials

[2025-11-01T16:32:35.751Z] Error: Yahoo Finance error:
BLS E-Services

[2025-11-01T16:32:36.807Z] Error: Yahoo Finance error:
Tanla 

[2025-11-01T16:32:39.820Z] Error: Yahoo Finance error:
Dmart

[2025-11-01T16:32:40.562Z] Error: Yahoo Finance error:
Tata Consumer

[2025-11-01T16:32:40.875Z] Error: Yahoo Finance error:
BLS E-Services

[2025-11-01T16:32:41.152Z] Error: Yahoo Finance error:
Pidilite

[2025-11-01T16:32:41.990Z] Error: Yahoo Finance error:
Pidilite

[2025-11-01T16:32:42.290Z] Error: Yahoo Finance error:
Tata Power

[2025-11-01T16:32:42.681Z] Error: Yahoo Finance error:
Tata Power

[2025-11-01T16:32:42.916Z] Error: Yahoo Finance error:
KPI Green

[2025-11-01T16:32:43.319Z] Error: Yahoo Finance error:
KPI Green

[2025-11-01T16:32:44.031Z] Error: Yahoo Finance error:
Suzlon

[2025-11-01T16:32:44.682Z] Error: Yahoo Finance error:
Suzlon

[2025-11-01T16:32:45.998Z] Error: Yahoo Finance error:
Gensol

[2025-11-01T16:32:47.881Z] Error: Yahoo Finance error:
Gensol

[2025-11-01T16:32:49.446Z] Error: Yahoo Finance error:
Hariom Pipes

[2025-11-01T16:32:52.516Z] Error: Yahoo Finance error:
Astral

[2025-11-01T16:32:54.233Z] Error: Yahoo Finance error:
Hariom Pipes

[2025-11-01T16:32:54.239Z] Error: Yahoo Finance error:
Polycab

[2025-11-01T16:32:54.882Z] Error: Yahoo Finance error:
Polycab

[2025-11-01T16:32:55.201Z] Error: Yahoo Finance error:
Clean Science

[2025-11-01T16:32:55.586Z] Error: Yahoo Finance error:
Clean Science

[2025-11-01T16:32:56.007Z] Error: Yahoo Finance error:
Deepak Nitrite

[2025-11-01T16:32:56.082Z] Error: Yahoo Finance error:
Deepak Nitrite

[2025-11-01T16:32:57.004Z] Error: Yahoo Finance error:
Fine Organic

[2025-11-01T16:32:58.946Z] Error: Yahoo Finance error:
Gravita

[2025-11-01T16:32:59.078Z] Error: Yahoo Finance error:
Fine Organic

[2025-11-01T16:32:59.898Z] Error: Yahoo Finance error:
SBI Life

[2025-11-01T16:32:59.921Z] Error: Yahoo Finance error:
SBI Life

[2025-11-01T16:33:01.438Z] Error: Yahoo Finance error:
Infy

[2025-11-01T16:33:01.482Z] Error: Yahoo Finance error:
Infy

[2025-11-01T16:33:02.261Z] Error: Yahoo Finance error:
Happeist Mind

[2025-11-01T16:33:02.402Z] Error: Yahoo Finance error:
Happeist Mind

[2025-11-01T16:33:03.948Z] Error: Yahoo Finance error:
Easemytrip

[2025-11-01T16:33:09.108Z] Error: Yahoo Finance error:
Easemytrip

[2025-11-01T16:33:18.779Z] Error: Yahoo Finance error:
HDFC Bank

[2025-11-01T16:33:25.442Z] Error: Yahoo Finance error:
Bajaj Finance

[2025-11-01T16:33:26.256Z] Error: Yahoo Finance error:
Bajaj Housing

[2025-11-01T16:34:30.115Z] Error: Yahoo Finance error:
HDFC Bank

[2025-11-01T16:34:30.830Z] Error: Yahoo Finance error:
Bajaj Finance

[2025-11-01T16:34:31.340Z] Error: Yahoo Finance error:
ICICI Bank

[2025-11-01T16:34:34.408Z] Error: Yahoo Finance error:
Bajaj Housing

[2025-11-01T16:34:39.535Z] Error: Yahoo Finance error:
Savani Financials

[2025-11-01T16:34:44.699Z] Error: Yahoo Finance error:
Affle India

[2025-11-01T16:34:48.107Z] Error: Yahoo Finance error:
LTI Mindtree

[2025-11-01T16:34:48.401Z] Error: Yahoo Finance error:
KPIT Tech

[2025-11-01T16:34:48.779Z] Error: Yahoo Finance error:
Tata Tech

[2025-11-01T16:34:49.224Z] Error: Yahoo Finance error:
BLS E-Services

[2025-11-01T16:34:49.862Z] Error: Yahoo Finance error:
Tanla 

[2025-11-01T16:34:50.513Z] Error: Yahoo Finance error:
Dmart

[2025-11-01T16:34:51.539Z] Error: Yahoo Finance error:
Tata Consumer

[2025-11-01T16:34:52.260Z] Error: Yahoo Finance error:
Pidilite

[2025-11-01T16:34:57.166Z] Error: Yahoo Finance error:
Tata Power

[2025-11-01T16:34:58.029Z] Error: Yahoo Finance error:
KPI Green

[2025-11-01T16:34:59.088Z] Error: Yahoo Finance error:
Suzlon

[2025-11-01T16:35:00.027Z] Error: Yahoo Finance error:
Gensol

[2025-11-01T16:35:05.827Z] Error: Yahoo Finance error:
Hariom Pipes

[2025-11-01T16:35:10.643Z] Error: Yahoo Finance error:
Astral

[2025-11-01T16:35:11.424Z] Error: Yahoo Finance error:
Polycab

[2025-11-01T16:35:12.762Z] Error: Yahoo Finance error:
Clean Science

[2025-11-01T16:35:13.655Z] Error: Yahoo Finance error:
Deepak Nitrite

[2025-11-01T16:35:17.583Z] Error: Yahoo Finance error:
Fine Organic

[2025-11-01T16:35:18.287Z] Error: Yahoo Finance error:
Gravita

[2025-11-01T16:35:19.619Z] Error: Yahoo Finance error:
SBI Life

[2025-11-01T16:35:20.198Z] Error: Yahoo Finance error:
Infy

[2025-11-01T16:35:20.852Z] Error: Yahoo Finance error:
Happeist Mind

[2025-11-01T16:35:21.319Z] Error: Yahoo Finance error:
Easemytrip

[2025-11-01T16:36:42.313Z] Error: Yahoo Finance error:
HDFC Bank

[2025-11-01T16:36:43.030Z] Error: Yahoo Finance error:
Bajaj Finance

[2025-11-01T16:36:43.820Z] Error: Yahoo Finance error:
ICICI Bank

[2025-11-01T16:36:44.651Z] Error: Yahoo Finance error:
Bajaj Housing

[2025-11-01T16:36:48.365Z] Error: Yahoo Finance error:
Savani Financials

[2025-11-01T16:36:48.896Z] Error: Google Finance error:
HDFC Bank

[2025-11-01T16:36:48.907Z] Error: Yahoo Finance error:
Affle India

[2025-11-01T16:36:49.687Z] Error: Yahoo Finance error:
LTI Mindtree

[2025-11-01T16:36:50.972Z] Error: Yahoo Finance error:
KPIT Tech

[2025-11-01T16:36:52.085Z] Error: Yahoo Finance error:
Tata Tech

[2025-11-01T16:36:52.482Z] Error: Google Finance error:
Bajaj Finance

[2025-11-01T16:36:52.941Z] Error: Yahoo Finance error:
BLS E-Services

[2025-11-01T16:36:53.955Z] Error: Yahoo Finance error:
Tanla 

[2025-11-01T16:36:57.769Z] Error: Google Finance error:
ICICI Bank

[2025-11-01T16:36:57.775Z] Error: Yahoo Finance error:
Dmart

[2025-11-01T16:36:57.957Z] Error: Yahoo Finance error:
Tata Consumer

[2025-11-01T16:36:58.348Z] Error: Google Finance error:
HDFC Bank

[2025-11-01T16:37:00.148Z] Error: Yahoo Finance error:
Pidilite

[2025-11-01T16:37:01.030Z] Error: Google Finance error:
Bajaj Housing

[2025-11-01T16:37:01.106Z] Error: Yahoo Finance error:
Tata Power

[2025-11-01T16:37:01.725Z] Error: Yahoo Finance error:
KPI Green

[2025-11-01T16:37:02.636Z] Error: Yahoo Finance error:
Suzlon

[2025-11-01T16:37:03.622Z] Error: Yahoo Finance error:
Gensol

[2025-11-01T16:37:03.872Z] Error: Google Finance error:
Savani Financials

[2025-11-01T16:37:06.178Z] Error: Google Finance error:
Affle India

[2025-11-01T16:37:07.596Z] Error: Yahoo Finance error:
Hariom Pipes

[2025-11-01T16:37:07.761Z] Error: Yahoo Finance error:
Astral

[2025-11-01T16:37:07.919Z] Error: Yahoo Finance error:
Polycab

[2025-11-01T16:37:08.253Z] Error: Yahoo Finance error:
Clean Science

[2025-11-01T16:37:08.376Z] Error: Google Finance error:
LTI Mindtree

[2025-11-01T16:37:08.536Z] Error: Yahoo Finance error:
Deepak Nitrite

[2025-11-01T16:37:08.971Z] Error: Yahoo Finance error:
Fine Organic

[2025-11-01T16:37:09.304Z] Error: Yahoo Finance error:
Gravita

[2025-11-01T16:37:09.595Z] Error: Yahoo Finance error:
SBI Life

[2025-11-01T16:37:09.988Z] Error: Google Finance error:
KPIT Tech

[2025-11-01T16:37:10.034Z] Error: Yahoo Finance error:
Infy

[2025-11-01T16:37:10.267Z] Error: Yahoo Finance error:
Happeist Mind

[2025-11-01T16:37:10.816Z] Error: Yahoo Finance error:
Easemytrip

[2025-11-01T16:37:11.566Z] Error: Google Finance error:
Tata Tech

[2025-11-01T16:37:11.940Z] Error: Google Finance error:
Bajaj Housing

[2025-11-01T16:37:13.315Z] Error: Google Finance error:
BLS E-Services

[2025-11-01T16:37:15.121Z] Error: Google Finance error:
Tanla 

[2025-11-01T16:37:17.295Z] Error: Google Finance error:
Dmart

[2025-11-01T16:37:19.663Z] Error: Google Finance error:
Tata Consumer

[2025-11-01T16:37:21.858Z] Error: Google Finance error:
BLS E-Services

[2025-11-01T16:37:22.725Z] Error: Google Finance error:
Pidilite

[2025-11-01T16:37:26.483Z] Error: Google Finance error:
Tanla 

[2025-11-01T16:37:26.789Z] Error: Google Finance error:
Tata Power

[2025-11-01T16:37:28.314Z] Error: Google Finance error:
KPI Green

[2025-11-01T16:37:28.545Z] Error: Google Finance error:
Tata Power

[2025-11-01T16:37:31.154Z] Error: Google Finance error:
Suzlon

[2025-11-01T16:37:34.297Z] Error: Google Finance error:
Gensol

[2025-11-01T16:37:36.924Z] Error: Google Finance error:
Suzlon

[2025-11-01T16:37:37.478Z] Error: Google Finance error:
Hariom Pipes

[2025-11-01T16:37:40.361Z] Error: Google Finance error:
Pidilite

[2025-11-01T16:37:40.738Z] Error: Google Finance error:
Astral

[2025-11-01T16:37:41.708Z] Error: Google Finance error:
Hariom Pipes

[2025-11-01T16:37:46.625Z] Error: Google Finance error:
Polycab

[2025-11-01T16:37:48.713Z] Error: Google Finance error:
Polycab

[2025-11-01T16:37:49.880Z] Error: Google Finance error:
Clean Science

[2025-11-01T16:37:53.141Z] Error: Google Finance error:
Clean Science

[2025-11-01T16:37:54.762Z] Error: Google Finance error:
Deepak Nitrite

[2025-11-01T16:37:56.894Z] Error: Google Finance error:
Deepak Nitrite

[2025-11-01T16:38:06.039Z] Error: Google Finance error:
Fine Organic

[2025-11-01T16:38:06.497Z] Error: Google Finance error:
Astral

[2025-11-01T16:38:08.598Z] Error: Google Finance error:
HDFC Bank

[2025-11-01T16:38:09.701Z] Error: Google Finance error:
Fine Organic

[2025-11-01T16:38:10.343Z] Error: Google Finance error:
Bajaj Finance

[2025-11-01T16:38:13.749Z] Error: Google Finance error:
ICICI Bank

[2025-11-01T16:38:14.042Z] Error: Google Finance error:
Gravita

[2025-11-01T16:38:16.107Z] Error: Google Finance error:
Gravita

[2025-11-01T16:38:16.767Z] Error: Google Finance error:
Bajaj Housing

[2025-11-01T16:38:18.655Z] Error: Google Finance error:
SBI Life

[2025-11-01T16:38:19.855Z] Error: Google Finance error:
SBI Life

[2025-11-01T16:38:20.110Z] Error: Google Finance error:
Gravita

[2025-11-01T16:38:21.793Z] Error: Google Finance error:
Savani Financials

[2025-11-01T16:38:22.783Z] Error: Google Finance error:
Tata Consumer

[2025-11-01T16:38:25.244Z] Error: Google Finance error:
Infy

[2025-11-01T16:38:29.162Z] Error: Google Finance error:
Infy

[2025-11-01T16:38:33.505Z] Error: Google Finance error:
Affle India

[2025-11-01T16:38:33.828Z] Error: Google Finance error:
Infy

[2025-11-01T16:38:35.541Z] Error: Google Finance error:
Happeist Mind

[2025-11-01T16:38:35.794Z] Error: Google Finance error:
Happeist Mind

[2025-11-01T16:38:38.510Z] Error: Google Finance error:
LTI Mindtree

[2025-11-01T16:38:38.818Z] Error: Google Finance error:
Easemytrip

[2025-11-01T16:38:41.398Z] Error: Google Finance error:
Easemytrip

[2025-11-01T16:38:42.311Z] Error: Google Finance error:
KPIT Tech

[2025-11-01T16:38:44.651Z] Error: Google Finance error:
KPIT Tech

[2025-11-01T16:38:46.004Z] Error: Google Finance error:
Tata Power

[2025-11-01T16:38:46.279Z] Error: Google Finance error:
Tata Tech

[2025-11-01T16:38:47.882Z] Error: Google Finance error:
Tata Tech

[2025-11-01T16:38:48.838Z] Error: Google Finance error:
BLS E-Services

[2025-11-01T16:38:50.554Z] Error: Google Finance error:
BLS E-Services

[2025-11-01T16:38:50.834Z] Error: Google Finance error:
KPI Green

[2025-11-01T16:38:51.198Z] Error: Google Finance error:
Tanla 

[2025-11-01T16:38:53.433Z] Error: Google Finance error:
Tanla 

[2025-11-01T16:38:53.766Z] Error: Google Finance error:
Dmart

[2025-11-01T16:38:55.591Z] Error: Google Finance error:
Suzlon

[2025-11-01T16:38:56.333Z] Error: Google Finance error:
Dmart

[2025-11-01T16:38:56.602Z] Error: Google Finance error:
Pidilite

[2025-11-01T16:38:59.374Z] Error: Google Finance error:
Gensol

[2025-11-01T16:38:59.670Z] Error: Google Finance error:
Gensol

[2025-11-01T16:39:01.086Z] Error: Google Finance error:
Pidilite

[2025-11-01T16:39:01.973Z] Error: Google Finance error:
Hariom Pipes

[2025-11-01T16:39:02.931Z] Error: Google Finance error:
Hariom Pipes

[2025-11-01T16:39:04.200Z] Error: Google Finance error:
Polycab

[2025-11-01T16:39:05.938Z] Error: Google Finance error:
Polycab

[2025-11-01T16:39:06.703Z] Error: Google Finance error:
Hariom Pipes

[2025-11-01T16:39:06.969Z] Error: Google Finance error:
Clean Science

[2025-11-01T16:39:08.653Z] Error: Google Finance error:
Clean Science

[2025-11-01T16:39:08.927Z] Error: Google Finance error:
Astral

[2025-11-01T16:39:12.069Z] Error: Google Finance error:
Deepak Nitrite

[2025-11-01T16:39:12.922Z] Error: Google Finance error:
Astral

[2025-11-01T16:39:17.961Z] Error: Google Finance error:
Clean Science

[2025-11-01T16:39:18.572Z] Error: Google Finance error:
Fine Organic

[2025-11-01T16:39:19.750Z] Error: Google Finance error:
Fine Organic

[2025-11-01T16:39:24.224Z] Error: Google Finance error:
HDFC Bank

[2025-11-01T16:39:28.391Z] Error: Google Finance error:
HDFC Bank

[2025-11-01T16:39:28.711Z] Error: Google Finance error:
Fine Organic

[2025-11-01T16:39:29.110Z] Error: Google Finance error:
Gravita

[2025-11-01T16:39:31.315Z] Error: Google Finance error:
Bajaj Finance

[2025-11-01T16:39:31.421Z] Error: Google Finance error:
SBI Life

[2025-11-01T16:39:33.062Z] Error: Google Finance error:
Bajaj Finance

[2025-11-01T16:39:33.204Z] Error: Google Finance error:
ICICI Bank

[2025-11-01T16:39:34.036Z] Error: Google Finance error:
SBI Life

[2025-11-01T16:39:35.367Z] Error: Google Finance error:
Bajaj Housing

[2025-11-01T16:39:37.346Z] Error: Google Finance error:
Savani Financials

[2025-11-01T16:39:37.496Z] Error: Google Finance error:
Infy

[2025-11-01T16:39:39.545Z] Error: Google Finance error:
Affle India

[2025-11-01T16:39:40.201Z] Error: Google Finance error:
ICICI Bank

[2025-11-01T16:39:40.716Z] Error: Google Finance error:
Happeist Mind

[2025-11-01T16:39:41.489Z] Error: Google Finance error:
LTI Mindtree

[2025-11-01T16:39:43.489Z] Error: Google Finance error:
Tata Consumer

[2025-11-01T16:39:44.324Z] Error: Google Finance error:
LTI Mindtree

[2025-11-01T16:39:45.835Z] Error: Google Finance error:
Easemytrip

[2025-11-01T16:39:48.996Z] Error: Google Finance error:
Easemytrip

[2025-11-01T16:40:19.363Z] Error: Google Finance error:
KPIT Tech

[2025-11-01T16:40:24.739Z] Error: Google Finance error:
Tata Tech

[2025-11-01T16:40:33.663Z] Error: Google Finance error:
BLS E-Services

[2025-11-01T16:40:42.207Z] Error: Google Finance error:
Tanla 

[2025-11-01T16:40:50.022Z] Error: Google Finance error:
Dmart

[2025-11-01T16:41:01.146Z] Error: Google Finance error:
Tata Consumer

[2025-11-01T16:41:06.845Z] Error: Google Finance error:
Pidilite

[2025-11-01T16:41:18.607Z] Error: Google Finance error:
HDFC Bank

[2025-11-01T16:41:20.007Z] Error: Google Finance error:
Bajaj Finance

[2025-11-01T16:41:23.693Z] Error: Google Finance error:
ICICI Bank

[2025-11-01T16:41:26.380Z] Error: Google Finance error:
Bajaj Housing

[2025-11-01T16:41:29.298Z] Error: Google Finance error:
Savani Financials

[2025-11-01T16:41:30.286Z] Error: Google Finance error:
Affle India

[2025-11-01T16:41:32.986Z] Error: Google Finance error:
LTI Mindtree

[2025-11-01T16:41:33.948Z] Error: Google Finance error:
KPIT Tech

[2025-11-01T16:41:36.398Z] Error: Google Finance error:
Tata Tech

[2025-11-01T16:41:40.511Z] Error: Google Finance error:
BLS E-Services

[2025-11-01T16:41:44.265Z] Error: Google Finance error:
Tanla 

[2025-11-01T16:41:49.233Z] Error: Google Finance error:
Dmart

[2025-11-01T16:41:54.278Z] Error: Google Finance error:
Tata Consumer

[2025-11-01T16:41:59.312Z] Error: Google Finance error:
Pidilite

[2025-11-01T16:42:07.892Z] Error: Google Finance error:
Tata Power

